<?xml version="1.0" encoding="UTF-8"?>
<!-- Generated by org.testng.reporters.JUnitXMLReporter -->
<testsuite ignored="2" hostname="DESKTOP-2GAMNNE" failures="0" tests="1" name="groupTest" time="0.098" errors="0" timestamp="2022-09-08T10:52:52 IST">
  <testcase classname="Testng.GroupTest" name="userDelete" time="0.025"/>
  <testcase classname="Testng.GroupTest" name="userUpdate" time="0.0">
    <ignored/>
  </testcase> <!-- userUpdate -->
  <testcase classname="Testng.GroupTest" name="userRegister" time="0.0">
    <ignored/>
  </testcase> <!-- userRegister -->
</testsuite> <!-- groupTest -->
